20231006-10:34:00.000 : Created session
20231006-10:34:00.000 : Connecting to 52.194.183.77 on port 30060
20231006-10:35:14.000 : Created session
20231006-10:35:14.000 : Connecting to 52.194.183.77 on port 30060
20231006-10:36:18.000 : Created session
20231006-10:36:18.000 : Connecting to 52.194.183.77 on port 30060
20231006-10:36:18.000 : Initiated logon request
20231006-10:36:18.000 : Logon contains ResetSeqNumFlag=Y, reseting sequence numbers to 1
20231006-10:36:18.000 : Received logon response
20231006-10:36:19.000 : Message 2 Rejected: Conditionally Required Field Missing:39
20231006-10:36:19.000 : Message 3 Rejected: Conditionally Required Field Missing:39
20231006-10:37:20.000 : Initiated logout request
20231006-10:37:20.000 : Received logout response
20231006-10:37:20.000 : Disconnecting
20231006-11:11:50.000 : Created session
20231006-11:11:50.000 : Connecting to 52.194.183.77 on port 30060
20231006-11:11:50.000 : Initiated logon request
20231006-11:11:51.000 : Logon contains ResetSeqNumFlag=Y, reseting sequence numbers to 1
20231006-11:11:51.000 : Received logon response
20231006-11:11:52.000 : Initiated logout request
20231006-11:11:52.000 : Received logout response
20231006-11:11:52.000 : Disconnecting
