20231006-10:55:04.000 : Created session
20231006-10:55:04.000 : Connecting to 52.194.183.77 on port 30054
20231006-10:55:04.000 : Initiated logon request
20231006-10:55:04.000 : Logon contains ResetSeqNumFlag=Y, reseting sequence numbers to 1
20231006-10:55:04.000 : Received logon response
20231006-10:55:04.000 : Message 2 Rejected: Conditionally Required Field Missing:39
20231006-10:55:04.000 : Message 3 Rejected: Conditionally Required Field Missing:39
20231006-10:56:06.000 : Initiated logout request
20231006-10:56:06.000 : Received logout response
20231006-10:56:06.000 : Disconnecting
20231006-11:01:23.000 : Created session
20231006-11:01:23.000 : Connecting to 52.194.183.77 on port 30054
20231006-11:01:23.000 : Initiated logon request
20231006-11:01:23.000 : Logon contains ResetSeqNumFlag=Y, reseting sequence numbers to 1
20231006-11:01:23.000 : Received logon response
20231006-11:02:25.000 : Initiated logout request
20231006-11:02:25.000 : Received logout response
20231006-11:02:25.000 : Disconnecting
20231006-11:05:37.000 : Created session
20231006-11:05:37.000 : Connecting to 52.194.183.77 on port 30054
20231006-11:05:37.000 : Initiated logon request
20231006-11:05:38.000 : Logon contains ResetSeqNumFlag=Y, reseting sequence numbers to 1
20231006-11:05:38.000 : Received logon response
20231006-11:06:40.000 : Initiated logout request
20231006-11:06:40.000 : Received logout response
20231006-11:06:40.000 : Disconnecting
20231006-11:09:55.000 : Created session
20231006-11:09:55.000 : Connecting to 52.194.183.77 on port 30054
20231006-11:09:55.000 : Initiated logon request
20231006-11:09:56.000 : Logon contains ResetSeqNumFlag=Y, reseting sequence numbers to 1
20231006-11:09:56.000 : Received logon response
20231006-11:09:57.000 : Initiated logout request
20231006-11:09:58.000 : Received logout response
20231006-11:09:58.000 : Disconnecting
20231006-11:11:19.000 : Created session
20231006-11:11:19.000 : Connecting to 52.194.183.77 on port 30054
20231006-11:11:19.000 : Initiated logon request
20231006-11:11:19.000 : Logon contains ResetSeqNumFlag=Y, reseting sequence numbers to 1
20231006-11:11:19.000 : Received logon response
20231006-11:11:21.000 : Initiated logout request
20231006-11:11:21.000 : Received logout response
20231006-11:11:21.000 : Disconnecting
