20231006-10:34:00.000 : Created session
20231006-10:34:00.000 : Created session
20231006-10:34:00.000 : Created session
20231006-10:34:00.000 : Connecting to 52.194.183.77 on port 30059
20231006-10:34:00.000 : Connecting to 52.194.183.77 on port 30059
20231006-10:34:00.000 : Connecting to 52.194.183.77 on port 30059
20231006-10:36:18.000 : Created session
20231006-10:36:18.000 : Connecting to 52.194.183.77 on port 30059
20231006-10:36:19.000 : Initiated logon request
20231006-10:36:19.000 : Logon contains ResetSeqNumFlag=Y, reseting sequence numbers to 1
20231006-10:36:19.000 : Received logon response
20231006-10:36:24.000 : Message 4 Rejected: Conditionally Required Field Missing:39
20231006-10:36:24.000 : Message 5 Rejected: Conditionally Required Field Missing:39
20231006-10:37:20.000 : Initiated logout request
20231006-10:37:21.000 : Received logout response
20231006-10:37:21.000 : Disconnecting
20231006-10:55:03.000 : Created session
20231006-10:55:03.000 : Connecting to 52.194.183.77 on port 30059
20231006-10:55:04.000 : Initiated logon request
20231006-10:55:04.000 : Logon contains ResetSeqNumFlag=Y, reseting sequence numbers to 1
20231006-10:55:04.000 : Received logon response
20231006-10:56:06.000 : Initiated logout request
20231006-10:56:06.000 : Received logout response
20231006-10:56:06.000 : Disconnecting
20231006-11:10:12.000 : Created session
20231006-11:10:12.000 : Connecting to 52.194.183.77 on port 30059
20231006-11:10:12.000 : Initiated logon request
20231006-11:10:13.000 : Logon contains ResetSeqNumFlag=Y, reseting sequence numbers to 1
20231006-11:10:13.000 : Received logon response
20231006-11:10:14.000 : Initiated logout request
20231006-11:10:14.000 : Received logout response
20231006-11:10:14.000 : Disconnecting
20231006-11:11:45.000 : Created session
20231006-11:11:45.000 : Connecting to 52.194.183.77 on port 30059
20231006-11:11:46.000 : Initiated logon request
20231006-11:11:46.000 : Logon contains ResetSeqNumFlag=Y, reseting sequence numbers to 1
20231006-11:11:46.000 : Received logon response
20231006-11:11:47.000 : Initiated logout request
20231006-11:11:47.000 : Received logout response
20231006-11:11:47.000 : Disconnecting
