2023-07-21 20:32:30,563 : (Core) S >> 8=FIX.4.2|9=84|35=A|34=1|49=RSIT_ROLX_1|52=20230721-11:32:30.000|56=FSX_SIT_ROLX|98=0|108=30|141=Y|10=114|
2023-07-21 20:32:30,634 : (Core) R << 8=FIX.4.2|9=84|35=A|34=1|49=FSX_SIT_ROLX|52=20230721-11:32:30.641|56=RSIT_ROLX_1|98=0|108=30|141=Y|10=125|
2023-07-21 20:32:32,478 : -------------------------------------------------------------------------------------------------
2023-07-21 20:32:32,480 : (recvMsg) Order Expired << 8=FIX.4.2|9=390|35=8|34=2|49=FSX_SIT_ROLX|52=20230721-11:32:32.490|56=RSIT_ROLX_1|1=RSIT_ACCOUNT_1|6=0|11=16899390520384000001|14=0|17=1682149586398386767|20=0|37=1682149615404769433|38=5|39=C|40=1|41=16899390520384000001|47=P|54=1|55=5110|58=ERROR_20010050,Order expired due to TimeInForce(60s)|59=0|60=20230721-11:31:52.015|76=ROLX|109=101|150=C|151=0|544=1|8164=ROL|8169=20230721-11:31:52.015652|8214=0|10=023|ExpireRes = ERROR_20010050,Order expired due to TimeInForce(60s)
2023-07-21 20:32:32,480 : Result : Order Expired ,ordStatus =C
2023-07-21 20:32:32,480 : -------------------------------------------------------------------------------------------------
2023-07-21 20:32:32,481 : (recvMsg) Order Expired << 8=FIX.4.2|9=390|35=8|34=3|49=FSX_SIT_ROLX|52=20230721-11:32:32.490|56=RSIT_ROLX_1|1=RSIT_ACCOUNT_1|6=0|11=16899390537346000002|14=0|17=1682149586398386771|20=0|37=1682149615404769435|38=5|39=C|40=1|41=16899390537346000002|47=P|54=2|55=5110|58=ERROR_20010050,Order expired due to TimeInForce(60s)|59=0|60=20230721-11:31:53.010|76=ROLX|109=101|150=C|151=0|544=1|8164=ROL|8169=20230721-11:31:53.010328|8214=0|10=028|ExpireRes = ERROR_20010050,Order expired due to TimeInForce(60s)
2023-07-21 20:32:32,481 : Result : Order Expired ,ordStatus =C
2023-07-21 20:32:32,481 : -------------------------------------------------------------------------------------------------
2023-07-21 20:32:32,481 : (recvMsg) Order Expired << 8=FIX.4.2|9=398|35=8|34=4|49=FSX_SIT_ROLX|52=20230721-11:32:32.491|56=RSIT_ROLX_1|1=RSIT_ACCOUNT_1|6=0|11=16899390546431000003|14=0|17=1682149586398386775|20=0|37=1682149615404769437|38=5|39=C|40=2|41=16899390546431000003|44=1230|47=P|54=1|55=5110|58=ERROR_20010050,Order expired due to TimeInForce(60s)|59=0|60=20230721-11:31:54.012|76=ROLX|109=101|150=C|151=0|544=1|8164=ROL|8169=20230721-11:31:54.012074|8214=0|10=148|ExpireRes = ERROR_20010050,Order expired due to TimeInForce(60s)
2023-07-21 20:32:32,481 : Result : Order Expired ,ordStatus =C
2023-07-21 20:32:32,482 : -------------------------------------------------------------------------------------------------
2023-07-21 20:32:32,482 : (recvMsg) Order Expired << 8=FIX.4.2|9=398|35=8|34=5|49=FSX_SIT_ROLX|52=20230721-11:32:32.491|56=RSIT_ROLX_1|1=RSIT_ACCOUNT_1|6=0|11=16899390550724000004|14=0|17=1682149586398386779|20=0|37=1682149615404769439|38=5|39=C|40=2|41=16899390550724000004|44=1230|47=P|54=2|55=5110|58=ERROR_20010050,Order expired due to TimeInForce(60s)|59=0|60=20230721-11:31:55.010|76=ROLX|109=101|150=C|151=0|544=1|8164=ROL|8169=20230721-11:31:55.010308|8214=0|10=156|ExpireRes = ERROR_20010050,Order expired due to TimeInForce(60s)
2023-07-21 20:32:32,484 : Result : Order Expired ,ordStatus =C
2023-07-21 20:32:32,486 : -------------------------------------------------------------------------------------------------
2023-07-21 20:32:32,487 : (recvMsg) Order Expired << 8=FIX.4.2|9=390|35=8|34=6|49=FSX_SIT_ROLX|52=20230721-11:32:32.491|56=RSIT_ROLX_1|1=RSIT_ACCOUNT_1|6=0|11=16899390565234000005|14=0|17=1682149586398386783|20=0|37=1682149615404769441|38=5|39=C|40=1|41=16899390565234000005|47=P|54=1|55=6028|58=ERROR_20010050,Order expired due to TimeInForce(60s)|59=0|60=20230721-11:31:56.009|76=ROLX|109=101|150=C|151=0|544=1|8164=ROL|8169=20230721-11:31:56.009505|8214=0|10=059|ExpireRes = ERROR_20010050,Order expired due to TimeInForce(60s)
2023-07-21 20:32:32,487 : Result : Order Expired ,ordStatus =C
2023-07-21 20:32:32,487 : -------------------------------------------------------------------------------------------------
2023-07-21 20:32:32,487 : (recvMsg) Order Expired << 8=FIX.4.2|9=390|35=8|34=7|49=FSX_SIT_ROLX|52=20230721-11:32:32.492|56=RSIT_ROLX_1|1=RSIT_ACCOUNT_1|6=0|11=16899390578732000006|14=0|17=1682149586398386787|20=0|37=1682149615404769443|38=5|39=C|40=1|41=16899390578732000006|47=P|54=2|55=6028|58=ERROR_20010050,Order expired due to TimeInForce(60s)|59=0|60=20230721-11:31:57.009|76=ROLX|109=101|150=C|151=0|544=1|8164=ROL|8169=20230721-11:31:57.009588|8214=0|10=097|ExpireRes = ERROR_20010050,Order expired due to TimeInForce(60s)
2023-07-21 20:32:32,487 : Result : Order Expired ,ordStatus =C
2023-07-21 20:32:32,487 : -------------------------------------------------------------------------------------------------
2023-07-21 20:32:32,488 : (recvMsg) Order Expired << 8=FIX.4.2|9=398|35=8|34=8|49=FSX_SIT_ROLX|52=20230721-11:32:32.492|56=RSIT_ROLX_1|1=RSIT_ACCOUNT_1|6=0|11=16899390580386000007|14=0|17=1682149586398386791|20=0|37=1682149615404769445|38=5|39=C|40=2|41=16899390580386000007|44=3470|47=P|54=1|55=6028|58=ERROR_20010050,Order expired due to TimeInForce(60s)|59=0|60=20230721-11:31:58.013|76=ROLX|109=101|150=C|151=0|544=1|8164=ROL|8169=20230721-11:31:58.013023|8214=0|10=193|ExpireRes = ERROR_20010050,Order expired due to TimeInForce(60s)
2023-07-21 20:32:32,491 : Result : Order Expired ,ordStatus =C
2023-07-21 20:32:32,543 : -------------------------------------------------------------------------------------------------
2023-07-21 20:32:32,544 : (recvMsg) Order Expired << 8=FIX.4.2|9=398|35=8|34=9|49=FSX_SIT_ROLX|52=20230721-11:32:32.492|56=RSIT_ROLX_1|1=RSIT_ACCOUNT_1|6=0|11=16899390594506000008|14=0|17=1682149586398386795|20=0|37=1682149615404769447|38=5|39=C|40=2|41=16899390594506000008|44=3470|47=P|54=2|55=6028|58=ERROR_20010050,Order expired due to TimeInForce(60s)|59=0|60=20230721-11:31:59.010|76=ROLX|109=101|150=C|151=0|544=1|8164=ROL|8169=20230721-11:31:59.010583|8214=0|10=208|ExpireRes = ERROR_20010050,Order expired due to TimeInForce(60s)
2023-07-21 20:32:32,544 : Result : Order Expired ,ordStatus =C
2023-07-21 20:32:32,545 : -------------------------------------------------------------------------------------------------
2023-07-21 20:32:32,545 : (recvMsg) Order Expired << 8=FIX.4.2|9=391|35=8|34=10|49=FSX_SIT_ROLX|52=20230721-11:32:32.492|56=RSIT_ROLX_1|1=RSIT_ACCOUNT_1|6=0|11=16899390600267000009|14=0|17=1682149586398386799|20=0|37=1682149615404769449|38=5|39=C|40=1|41=16899390600267000009|47=P|54=1|55=5076|58=ERROR_20010050,Order expired due to TimeInForce(60s)|59=0|60=20230721-11:32:00.010|76=ROLX|109=101|150=C|151=0|544=1|8164=ROL|8169=20230721-11:32:00.010099|8214=0|10=093|ExpireRes = ERROR_20010050,Order expired due to TimeInForce(60s)
2023-07-21 20:32:32,545 : Result : Order Expired ,ordStatus =C
2023-07-21 20:32:32,768 : -------------------------------------------------------------------------------------------------
2023-07-21 20:32:32,769 : (sendMsg) New Ack >> 8=FIX.4.2|9=220|35=D|34=2|49=RSIT_ROLX_1|52=20230721-11:32:32.000|56=FSX_SIT_ROLX|1=RSIT_ACCOUNT_1|11=16899391525621000001|21=1|38=5|40=1|47=P|54=1|55=5110|59=0|60=20230721-11:32:32.768334|109=16899391525621000001|544=1|8164=ROL|8214=0|10=220|
2023-07-21 20:32:32,854 : -------------------------------------------------------------------------------------------------
2023-07-21 20:32:32,855 : (recvMsg) Order Accepted << 8=FIX.4.2|9=321|35=8|34=11|49=FSX_SIT_ROLX|52=20230721-11:32:32.866|56=RSIT_ROLX_1|1=RSIT_ACCOUNT_1|6=0|11=16899391525621000001|14=0|17=1682149586398386803|20=0|31=0|32=0|37=1682149615404769451|38=5|39=0|40=1|47=P|54=1|55=5110|59=0|60=20230721-11:32:32.865|76=ROLX|109=101|150=0|151=5|544=1|8164=ROL|8169=20230721-11:32:32.865861|8214=0|10=001|ordStatus = 0
2023-07-21 20:32:32,855 : Result : Order Accepted ,ordStatus =0
2023-07-21 20:32:33,775 : -------------------------------------------------------------------------------------------------
2023-07-21 20:32:33,775 : (sendMsg) New Ack >> 8=FIX.4.2|9=220|35=D|34=3|49=RSIT_ROLX_1|52=20230721-11:32:33.000|56=FSX_SIT_ROLX|1=RSIT_ACCOUNT_1|11=16899391530312000002|21=1|38=5|40=1|47=P|54=2|55=5110|59=0|60=20230721-11:32:33.775063|109=16899391530312000002|544=1|8164=ROL|8214=0|10=209|
2023-07-21 20:32:33,858 : -------------------------------------------------------------------------------------------------
2023-07-21 20:32:33,858 : (recvMsg) Order Accepted << 8=FIX.4.2|9=321|35=8|34=12|49=FSX_SIT_ROLX|52=20230721-11:32:33.868|56=RSIT_ROLX_1|1=RSIT_ACCOUNT_1|6=0|11=16899391530312000002|14=0|17=1682149586398386805|20=0|31=0|32=0|37=1682149615404769453|38=5|39=0|40=1|47=P|54=2|55=5110|59=0|60=20230721-11:32:33.868|76=ROLX|109=101|150=0|151=5|544=1|8164=ROL|8169=20230721-11:32:33.868301|8214=0|10=001|ordStatus = 0
2023-07-21 20:32:33,859 : Result : Order Accepted ,ordStatus =0
